build/app/intermediates/manifest_merge_blame_file/debug/manifest-merger-blame-debug-report.txt
1<?xml version="1.0" encoding="utf-8"?>
2<manifest xmlns:android="http://schemas.android.com/apk/res/android"
3    package="com.qadriyatlar.akademiyasiapp"
4    android:versionCode="66"
5    android:versionName="2.2.5" >
6
7    <uses-sdk
8        android:minSdkVersion="21"
9        android:targetSdkVersion="33" />
10    <!--
11         Flutter needs it to communicate with the running application
12         to allow setting breakpoints, to provide hot reload, etc.
13    -->
14    <uses-permission android:name="android.permission.INTERNET" />
14-->src/main/AndroidManifest.xml:6:5-67
14-->src/main/AndroidManifest.xml:6:22-64
15    <uses-permission android:name="android.permission.READ_EXTERNAL_STORAGE" />
15-->src/main/AndroidManifest.xml:4:5-80
15-->src/main/AndroidManifest.xml:4:22-77
16    <uses-permission android:name="android.permission.WRITE_EXTERNAL_STORAGE" />
16-->src/main/AndroidManifest.xml:5:5-81
16-->src/main/AndroidManifest.xml:5:22-78
17    <uses-permission android:name="android.permission.ACCESS_NETWORK_STATE" />
17-->src/main/AndroidManifest.xml:7:5-79
17-->src/main/AndroidManifest.xml:7:22-76
18    <uses-permission android:name="android.permission.WAKE_LOCK" />
18-->src/main/AndroidManifest.xml:8:5-68
18-->src/main/AndroidManifest.xml:8:22-65
19
20    <queries>
20-->src/main/AndroidManifest.xml:68:5-97:15
21
22        <!-- If your app opens https URLs -->
23        <intent>
23-->src/main/AndroidManifest.xml:70:9-73:18
24            <action android:name="android.intent.action.VIEW" />
24-->src/main/AndroidManifest.xml:43:17-69
24-->src/main/AndroidManifest.xml:43:25-66
25
26            <data android:scheme="https" />
26-->src/main/AndroidManifest.xml:46:17-75
26-->src/main/AndroidManifest.xml:46:23-72
27        </intent>
28        <intent>
28-->src/main/AndroidManifest.xml:74:9-77:18
29            <action android:name="android.intent.action.SEND" />
29-->src/main/AndroidManifest.xml:75:13-65
29-->src/main/AndroidManifest.xml:75:21-62
30
31            <data android:mimeType="*/*" />
31-->src/main/AndroidManifest.xml:46:17-75
32        </intent>
33        <intent>
33-->src/main/AndroidManifest.xml:70:9-73:18
34            <action android:name="android.intent.action.VIEW" />
34-->src/main/AndroidManifest.xml:43:17-69
34-->src/main/AndroidManifest.xml:43:25-66
35
36            <data android:scheme="https" />
36-->src/main/AndroidManifest.xml:46:17-75
36-->src/main/AndroidManifest.xml:46:23-72
37        </intent>
38        <!-- If your app makes calls -->
39        <intent>
39-->src/main/AndroidManifest.xml:83:9-86:18
40            <action android:name="android.intent.action.DIAL" />
40-->src/main/AndroidManifest.xml:84:13-65
40-->src/main/AndroidManifest.xml:84:21-62
41
42            <data android:scheme="tel" />
42-->src/main/AndroidManifest.xml:46:17-75
42-->src/main/AndroidManifest.xml:46:23-72
43        </intent>
44        <!-- If your sends SMS messages -->
45        <intent>
45-->src/main/AndroidManifest.xml:88:9-91:18
46            <action android:name="android.intent.action.SENDTO" />
46-->src/main/AndroidManifest.xml:89:13-67
46-->src/main/AndroidManifest.xml:89:21-64
47
48            <data android:scheme="smsto" />
48-->src/main/AndroidManifest.xml:46:17-75
48-->src/main/AndroidManifest.xml:46:23-72
49        </intent>
50        <!-- If your app sends emails -->
51        <intent>
51-->src/main/AndroidManifest.xml:74:9-77:18
52            <action android:name="android.intent.action.SEND" />
52-->src/main/AndroidManifest.xml:75:13-65
52-->src/main/AndroidManifest.xml:75:21-62
53
54            <data android:mimeType="*/*" />
54-->src/main/AndroidManifest.xml:46:17-75
55        </intent>
56        <intent>
56-->[:file_picker] AndroidManifest.xml:12:9-16:18
57            <action android:name="android.intent.action.GET_CONTENT" />
57-->[:file_picker] AndroidManifest.xml:13:13-72
57-->[:file_picker] AndroidManifest.xml:13:21-69
58
59            <data android:mimeType="*/*" />
59-->src/main/AndroidManifest.xml:46:17-75
60        </intent>
61        <intent>
61-->[:flutter_inappwebview] AndroidManifest.xml:10:9-12:18
62            <action android:name="android.support.customtabs.action.CustomTabsService" />
62-->[:flutter_inappwebview] AndroidManifest.xml:11:13-90
62-->[:flutter_inappwebview] AndroidManifest.xml:11:21-87
63        </intent>
64        <intent>
64-->[com.android.billingclient:billing:6.0.1] AndroidManifest.xml:13:9-15:18
65            <action android:name="com.android.vending.billing.InAppBillingService.BIND" />
65-->[com.android.billingclient:billing:6.0.1] AndroidManifest.xml:14:13-91
65-->[com.android.billingclient:billing:6.0.1] AndroidManifest.xml:14:21-88
66        </intent>
67
68        <package android:name="com.facebook.katana" />
68-->[com.facebook.android:facebook-common:16.0.1] AndroidManifest.xml:18:9-55
68-->[com.facebook.android:facebook-common:16.0.1] AndroidManifest.xml:18:18-52
69    </queries>
70    <queries>
70-->src/main/AndroidManifest.xml:68:5-97:15
71        <provider android:authorities="com.facebook.katana.provider.PlatformProvider" /> <!-- allows app to access Facebook app features -->
72    </queries> <!-- Permissions options for the `notification` group -->
73    <uses-permission android:name="android.permission.POST_NOTIFICATIONS" /> <!-- Required by older versions of Google Play services to create IID tokens -->
73-->[:firebase_messaging] AndroidManifest.xml:13:5-77
73-->[:firebase_messaging] AndroidManifest.xml:13:22-74
74    <uses-permission android:name="com.google.android.c2dm.permission.RECEIVE" />
74-->[com.google.firebase:firebase-messaging:23.2.1] AndroidManifest.xml:26:5-82
74-->[com.google.firebase:firebase-messaging:23.2.1] AndroidManifest.xml:26:22-79
75    <uses-permission android:name="com.android.vending.BILLING" />
75-->[com.android.billingclient:billing:6.0.1] AndroidManifest.xml:10:5-67
75-->[com.android.billingclient:billing:6.0.1] AndroidManifest.xml:10:22-64
76    <uses-permission android:name="com.google.android.gms.permission.AD_ID" />
76-->[com.google.android.gms:play-services-measurement-api:21.3.0] AndroidManifest.xml:25:5-79
76-->[com.google.android.gms:play-services-measurement-api:21.3.0] AndroidManifest.xml:25:22-76
77    <uses-permission android:name="com.google.android.finsky.permission.BIND_GET_INSTALL_REFERRER_SERVICE" />
77-->[com.google.android.gms:play-services-measurement:21.3.0] AndroidManifest.xml:26:5-110
77-->[com.google.android.gms:play-services-measurement:21.3.0] AndroidManifest.xml:26:22-107
78
79    <permission
79-->[androidx.core:core:1.10.1] AndroidManifest.xml:22:5-24:47
80        android:name="com.qadriyatlar.akademiyasiapp.DYNAMIC_RECEIVER_NOT_EXPORTED_PERMISSION"
80-->[androidx.core:core:1.10.1] AndroidManifest.xml:23:9-81
81        android:protectionLevel="signature" />
81-->[androidx.core:core:1.10.1] AndroidManifest.xml:24:9-44
82
83    <uses-permission android:name="com.qadriyatlar.akademiyasiapp.DYNAMIC_RECEIVER_NOT_EXPORTED_PERMISSION" />
83-->[androidx.core:core:1.10.1] AndroidManifest.xml:26:5-97
83-->[androidx.core:core:1.10.1] AndroidManifest.xml:26:22-94
84
85    <application
85-->src/main/AndroidManifest.xml:10:5-66:19
86        android:appComponentFactory="androidx.core.app.CoreComponentFactory"
86-->[androidx.core:core:1.10.1] AndroidManifest.xml:28:18-86
87        android:debuggable="true"
88        android:icon="@mipmap/ic_launcher"
88-->src/main/AndroidManifest.xml:11:9-43
89        android:label="Qadriyatlar akademiyasi"
89-->src/main/AndroidManifest.xml:12:9-48
90        android:requestLegacyExternalStorage="true"
90-->src/main/AndroidManifest.xml:13:9-52
91        android:supportsRtl="true" >
91-->[com.facebook.android:facebook-android-sdk:14.1.1] AndroidManifest.xml:28:18-44
92        <activity
92-->src/main/AndroidManifest.xml:15:9-32:20
93            android:name="com.qadriyatlar.akademiyasiapp.MainActivity"
93-->src/main/AndroidManifest.xml:16:13-41
94            android:configChanges="orientation|keyboardHidden|keyboard|screenSize|smallestScreenSize|locale|layoutDirection|fontScale|screenLayout|density|uiMode"
94-->src/main/AndroidManifest.xml:17:13-163
95            android:exported="true"
95-->src/main/AndroidManifest.xml:18:13-36
96            android:hardwareAccelerated="true"
96-->src/main/AndroidManifest.xml:19:13-47
97            android:launchMode="singleTop"
97-->src/main/AndroidManifest.xml:20:13-43
98            android:theme="@style/LaunchTheme"
98-->src/main/AndroidManifest.xml:21:13-47
99            android:windowSoftInputMode="adjustResize" >
99-->src/main/AndroidManifest.xml:22:13-55
100            <intent-filter>
100-->src/main/AndroidManifest.xml:23:13-26:29
101                <action android:name="android.intent.action.MAIN" />
101-->src/main/AndroidManifest.xml:24:17-69
101-->src/main/AndroidManifest.xml:24:25-66
102
103                <category android:name="android.intent.category.LAUNCHER" />
103-->src/main/AndroidManifest.xml:25:17-77
103-->src/main/AndroidManifest.xml:25:27-74
104            </intent-filter>
105            <intent-filter>
105-->src/main/AndroidManifest.xml:28:13-31:29
106                <action android:name="FLUTTER_NOTIFICATION_CLICK" />
106-->src/main/AndroidManifest.xml:29:17-69
106-->src/main/AndroidManifest.xml:29:25-66
107
108                <category android:name="android.intent.category.DEFAULT" />
108-->src/main/AndroidManifest.xml:30:17-76
108-->src/main/AndroidManifest.xml:30:27-73
109            </intent-filter>
110        </activity>
111        <activity
111-->src/main/AndroidManifest.xml:34:9-37:48
112            android:name="com.facebook.FacebookActivity"
112-->src/main/AndroidManifest.xml:34:19-63
113            android:configChanges="keyboard|keyboardHidden|screenLayout|screenSize|orientation"
113-->src/main/AndroidManifest.xml:35:13-113
114            android:label="@string/app_name"
114-->src/main/AndroidManifest.xml:37:13-45
115            android:theme="@style/com_facebook_activity_theme" />
115-->[com.facebook.android:facebook-common:16.0.1] AndroidManifest.xml:25:13-63
116        <activity
116-->src/main/AndroidManifest.xml:39:9-48:20
117            android:name="com.facebook.CustomTabActivity"
117-->src/main/AndroidManifest.xml:40:13-58
118            android:exported="true" >
118-->src/main/AndroidManifest.xml:41:13-36
119            <intent-filter>
119-->src/main/AndroidManifest.xml:42:13-47:29
120                <action android:name="android.intent.action.VIEW" />
120-->src/main/AndroidManifest.xml:43:17-69
120-->src/main/AndroidManifest.xml:43:25-66
121
122                <category android:name="android.intent.category.DEFAULT" />
122-->src/main/AndroidManifest.xml:30:17-76
122-->src/main/AndroidManifest.xml:30:27-73
123                <category android:name="android.intent.category.BROWSABLE" />
123-->src/main/AndroidManifest.xml:45:17-78
123-->src/main/AndroidManifest.xml:45:27-75
124
125                <data android:scheme="@string/fb_login_protocol_scheme" />
125-->src/main/AndroidManifest.xml:46:17-75
125-->src/main/AndroidManifest.xml:46:23-72
126            </intent-filter>
127            <intent-filter>
127-->[com.facebook.android:facebook-common:16.0.1] AndroidManifest.xml:31:13-40:29
128                <action android:name="android.intent.action.VIEW" />
128-->src/main/AndroidManifest.xml:43:17-69
128-->src/main/AndroidManifest.xml:43:25-66
129
130                <category android:name="android.intent.category.DEFAULT" />
130-->src/main/AndroidManifest.xml:30:17-76
130-->src/main/AndroidManifest.xml:30:27-73
131                <category android:name="android.intent.category.BROWSABLE" />
131-->src/main/AndroidManifest.xml:45:17-78
131-->src/main/AndroidManifest.xml:45:27-75
132
133                <data
133-->src/main/AndroidManifest.xml:46:17-75
134                    android:host="cct.com.qadriyatlar.akademiyasiapp"
135                    android:scheme="fbconnect" />
135-->src/main/AndroidManifest.xml:46:23-72
136            </intent-filter>
137        </activity>
138
139        <!--
140             Don't delete the meta-data below.
141             This is used by the Flutter tool to generate GeneratedPluginRegistrant.java
142        -->
143        <meta-data
143-->src/main/AndroidManifest.xml:52:9-54:33
144            android:name="flutterEmbedding"
144-->src/main/AndroidManifest.xml:53:13-44
145            android:value="2" />
145-->src/main/AndroidManifest.xml:54:13-30
146        <meta-data
146-->src/main/AndroidManifest.xml:55:9-57:52
147            android:name="com.google.firebase.messaging.default_notification_icon"
147-->src/main/AndroidManifest.xml:56:13-83
148            android:resource="@drawable/ic_push" />
148-->src/main/AndroidManifest.xml:57:13-49
149        <meta-data
149-->src/main/AndroidManifest.xml:58:9-60:55
150            android:name="com.facebook.sdk.ApplicationId"
150-->src/main/AndroidManifest.xml:59:13-58
151            android:value="@string/facebook_app_id" />
151-->src/main/AndroidManifest.xml:60:13-52
152        <meta-data
152-->src/main/AndroidManifest.xml:61:9-63:61
153            android:name="com.facebook.sdk.ClientToken"
153-->src/main/AndroidManifest.xml:62:13-56
154            android:value="@string/facebook_client_token" />
154-->src/main/AndroidManifest.xml:63:13-58
155
156        <service
156-->[:firebase_messaging] AndroidManifest.xml:16:9-19:72
157            android:name="io.flutter.plugins.firebase.messaging.FlutterFirebaseMessagingBackgroundService"
157-->[:firebase_messaging] AndroidManifest.xml:17:13-107
158            android:exported="false"
158-->[:firebase_messaging] AndroidManifest.xml:18:13-37
159            android:permission="android.permission.BIND_JOB_SERVICE" />
159-->[:firebase_messaging] AndroidManifest.xml:19:13-69
160        <service
160-->[:firebase_messaging] AndroidManifest.xml:20:9-26:19
161            android:name="io.flutter.plugins.firebase.messaging.FlutterFirebaseMessagingService"
161-->[:firebase_messaging] AndroidManifest.xml:21:13-97
162            android:exported="false" >
162-->[:firebase_messaging] AndroidManifest.xml:22:13-37
163            <intent-filter>
163-->[:firebase_messaging] AndroidManifest.xml:23:13-25:29
164                <action android:name="com.google.firebase.MESSAGING_EVENT" />
164-->[:firebase_messaging] AndroidManifest.xml:24:17-78
164-->[:firebase_messaging] AndroidManifest.xml:24:25-75
165            </intent-filter>
166        </service>
167
168        <receiver
168-->[:firebase_messaging] AndroidManifest.xml:28:9-35:20
169            android:name="io.flutter.plugins.firebase.messaging.FlutterFirebaseMessagingReceiver"
169-->[:firebase_messaging] AndroidManifest.xml:29:13-98
170            android:exported="true"
170-->[:firebase_messaging] AndroidManifest.xml:30:13-36
171            android:permission="com.google.android.c2dm.permission.SEND" >
171-->[:firebase_messaging] AndroidManifest.xml:31:13-73
172            <intent-filter>
172-->[:firebase_messaging] AndroidManifest.xml:32:13-34:29
173                <action android:name="com.google.android.c2dm.intent.RECEIVE" />
173-->[:firebase_messaging] AndroidManifest.xml:33:17-81
173-->[:firebase_messaging] AndroidManifest.xml:33:25-78
174            </intent-filter>
175        </receiver>
176
177        <service
177-->[:firebase_messaging] AndroidManifest.xml:37:9-41:19
178            android:name="com.google.firebase.components.ComponentDiscoveryService"
178-->[:firebase_messaging] AndroidManifest.xml:37:18-89
179            android:directBootAware="true"
179-->[com.google.firebase:firebase-common:20.3.3] AndroidManifest.xml:34:13-43
180            android:exported="false" >
180-->[com.google.firebase:firebase-crashlytics:18.4.1] AndroidManifest.xml:14:13-37
181            <meta-data
181-->[:firebase_messaging] AndroidManifest.xml:38:13-40:85
182                android:name="com.google.firebase.components:io.flutter.plugins.firebase.messaging.FlutterFirebaseAppRegistrar"
182-->[:firebase_messaging] AndroidManifest.xml:39:17-128
183                android:value="com.google.firebase.components.ComponentRegistrar" />
183-->[:firebase_messaging] AndroidManifest.xml:40:17-82
184            <meta-data
184-->[:firebase_crashlytics] AndroidManifest.xml:11:13-13:85
185                android:name="com.google.firebase.components:io.flutter.plugins.firebase.crashlytics.FlutterFirebaseAppRegistrar"
185-->[:firebase_crashlytics] AndroidManifest.xml:12:17-130
186                android:value="com.google.firebase.components.ComponentRegistrar" />
186-->[:firebase_crashlytics] AndroidManifest.xml:13:17-82
187            <meta-data
187-->[:firebase_core] AndroidManifest.xml:11:13-13:85
188                android:name="com.google.firebase.components:io.flutter.plugins.firebase.core.FlutterFirebaseCoreRegistrar"
188-->[:firebase_core] AndroidManifest.xml:12:17-124
189                android:value="com.google.firebase.components.ComponentRegistrar" />
189-->[:firebase_core] AndroidManifest.xml:13:17-82
190            <meta-data
190-->[com.google.firebase:firebase-crashlytics:18.4.1] AndroidManifest.xml:15:13-17:85
191                android:name="com.google.firebase.components:com.google.firebase.crashlytics.CrashlyticsRegistrar"
191-->[com.google.firebase:firebase-crashlytics:18.4.1] AndroidManifest.xml:16:17-115
192                android:value="com.google.firebase.components.ComponentRegistrar" />
192-->[com.google.firebase:firebase-crashlytics:18.4.1] AndroidManifest.xml:17:17-82
193            <meta-data
193-->[com.google.firebase:firebase-sessions:1.0.2] AndroidManifest.xml:25:13-27:85
194                android:name="com.google.firebase.components:com.google.firebase.sessions.FirebaseSessionsRegistrar"
194-->[com.google.firebase:firebase-sessions:1.0.2] AndroidManifest.xml:26:17-117
195                android:value="com.google.firebase.components.ComponentRegistrar" />
195-->[com.google.firebase:firebase-sessions:1.0.2] AndroidManifest.xml:27:17-82
196            <meta-data
196-->[com.google.firebase:firebase-messaging:23.2.1] AndroidManifest.xml:53:13-55:85
197                android:name="com.google.firebase.components:com.google.firebase.messaging.FirebaseMessagingRegistrar"
197-->[com.google.firebase:firebase-messaging:23.2.1] AndroidManifest.xml:54:17-119
198                android:value="com.google.firebase.components.ComponentRegistrar" />
198-->[com.google.firebase:firebase-messaging:23.2.1] AndroidManifest.xml:55:17-82
199            <meta-data
199-->[com.google.firebase:firebase-datatransport:18.1.8] AndroidManifest.xml:27:13-29:85
200                android:name="com.google.firebase.components:com.google.firebase.datatransport.TransportRegistrar"
200-->[com.google.firebase:firebase-datatransport:18.1.8] AndroidManifest.xml:28:17-115
201                android:value="com.google.firebase.components.ComponentRegistrar" />
201-->[com.google.firebase:firebase-datatransport:18.1.8] AndroidManifest.xml:29:17-82
202            <meta-data
202-->[com.google.firebase:firebase-iid:21.1.0] AndroidManifest.xml:32:13-34:85
203                android:name="com.google.firebase.components:com.google.firebase.iid.Registrar"
203-->[com.google.firebase:firebase-iid:21.1.0] AndroidManifest.xml:33:17-96
204                android:value="com.google.firebase.components.ComponentRegistrar" />
204-->[com.google.firebase:firebase-iid:21.1.0] AndroidManifest.xml:34:17-82
205            <meta-data
205-->[com.google.android.gms:play-services-measurement-api:21.3.0] AndroidManifest.xml:31:13-33:85
206                android:name="com.google.firebase.components:com.google.firebase.analytics.connector.internal.AnalyticsConnectorRegistrar"
206-->[com.google.android.gms:play-services-measurement-api:21.3.0] AndroidManifest.xml:32:17-139
207                android:value="com.google.firebase.components.ComponentRegistrar" />
207-->[com.google.android.gms:play-services-measurement-api:21.3.0] AndroidManifest.xml:33:17-82
208            <meta-data
208-->[com.google.firebase:firebase-installations:17.1.4] AndroidManifest.xml:15:13-17:85
209                android:name="com.google.firebase.components:com.google.firebase.installations.FirebaseInstallationsRegistrar"
209-->[com.google.firebase:firebase-installations:17.1.4] AndroidManifest.xml:16:17-127
210                android:value="com.google.firebase.components.ComponentRegistrar" />
210-->[com.google.firebase:firebase-installations:17.1.4] AndroidManifest.xml:17:17-82
211            <meta-data
211-->[com.google.firebase:firebase-common-ktx:20.3.3] AndroidManifest.xml:14:13-16:85
212                android:name="com.google.firebase.components:com.google.firebase.ktx.FirebaseCommonKtxRegistrar"
212-->[com.google.firebase:firebase-common-ktx:20.3.3] AndroidManifest.xml:15:17-113
213                android:value="com.google.firebase.components.ComponentRegistrar" />
213-->[com.google.firebase:firebase-common-ktx:20.3.3] AndroidManifest.xml:16:17-82
214        </service>
215
216        <provider
216-->[:firebase_messaging] AndroidManifest.xml:43:9-47:38
217            android:name="io.flutter.plugins.firebase.messaging.FlutterFirebaseMessagingInitProvider"
217-->[:firebase_messaging] AndroidManifest.xml:44:13-102
218            android:authorities="com.qadriyatlar.akademiyasiapp.flutterfirebasemessaginginitprovider"
218-->[:firebase_messaging] AndroidManifest.xml:45:13-88
219            android:exported="false"
219-->[:firebase_messaging] AndroidManifest.xml:46:13-37
220            android:initOrder="99" />
220-->[:firebase_messaging] AndroidManifest.xml:47:13-35
221
222        <activity
222-->[:flutter_inappwebview] AndroidManifest.xml:16:9-20:47
223            android:name="com.pichillilorenzo.flutter_inappwebview.in_app_browser.InAppBrowserActivity"
223-->[:flutter_inappwebview] AndroidManifest.xml:17:13-104
224            android:configChanges="orientation|keyboardHidden|keyboard|screenSize|locale|layoutDirection|fontScale|screenLayout|density"
224-->[:flutter_inappwebview] AndroidManifest.xml:18:13-137
225            android:exported="false"
225-->[:flutter_inappwebview] AndroidManifest.xml:19:13-37
226            android:theme="@style/AppTheme" />
226-->[:flutter_inappwebview] AndroidManifest.xml:20:13-44
227        <activity
227-->[:flutter_inappwebview] AndroidManifest.xml:21:9-24:55
228            android:name="com.pichillilorenzo.flutter_inappwebview.chrome_custom_tabs.ChromeCustomTabsActivity"
228-->[:flutter_inappwebview] AndroidManifest.xml:22:13-112
229            android:exported="false"
229-->[:flutter_inappwebview] AndroidManifest.xml:23:13-37
230            android:theme="@style/ThemeTransparent" />
230-->[:flutter_inappwebview] AndroidManifest.xml:24:13-52
231        <activity
231-->[:flutter_inappwebview] AndroidManifest.xml:25:9-28:55
232            android:name="com.pichillilorenzo.flutter_inappwebview.chrome_custom_tabs.TrustedWebActivity"
232-->[:flutter_inappwebview] AndroidManifest.xml:26:13-106
233            android:exported="false"
233-->[:flutter_inappwebview] AndroidManifest.xml:27:13-37
234            android:theme="@style/ThemeTransparent" />
234-->[:flutter_inappwebview] AndroidManifest.xml:28:13-52
235        <activity
235-->[:flutter_inappwebview] AndroidManifest.xml:29:9-33:55
236            android:name="com.pichillilorenzo.flutter_inappwebview.chrome_custom_tabs.ChromeCustomTabsActivitySingleInstance"
236-->[:flutter_inappwebview] AndroidManifest.xml:30:13-126
237            android:exported="false"
237-->[:flutter_inappwebview] AndroidManifest.xml:31:13-37
238            android:launchMode="singleInstance"
238-->[:flutter_inappwebview] AndroidManifest.xml:32:13-48
239            android:theme="@style/ThemeTransparent" />
239-->[:flutter_inappwebview] AndroidManifest.xml:33:13-52
240        <activity
240-->[:flutter_inappwebview] AndroidManifest.xml:34:9-38:55
241            android:name="com.pichillilorenzo.flutter_inappwebview.chrome_custom_tabs.TrustedWebActivitySingleInstance"
241-->[:flutter_inappwebview] AndroidManifest.xml:35:13-120
242            android:exported="false"
242-->[:flutter_inappwebview] AndroidManifest.xml:36:13-37
243            android:launchMode="singleInstance"
243-->[:flutter_inappwebview] AndroidManifest.xml:37:13-48
244            android:theme="@style/ThemeTransparent" />
244-->[:flutter_inappwebview] AndroidManifest.xml:38:13-52
245
246        <receiver
246-->[:flutter_inappwebview] AndroidManifest.xml:40:9-43:40
247            android:name="com.pichillilorenzo.flutter_inappwebview.chrome_custom_tabs.ActionBroadcastReceiver"
247-->[:flutter_inappwebview] AndroidManifest.xml:41:13-111
248            android:enabled="true"
248-->[:flutter_inappwebview] AndroidManifest.xml:42:13-35
249            android:exported="false" />
249-->[:flutter_inappwebview] AndroidManifest.xml:43:13-37
250
251        <meta-data
251-->[:flutter_inappwebview] AndroidManifest.xml:45:9-47:36
252            android:name="io.flutter.embedded_views_preview"
252-->[:flutter_inappwebview] AndroidManifest.xml:46:13-61
253            android:value="true" />
253-->[:flutter_inappwebview] AndroidManifest.xml:47:13-33
254        <!--
255           Declares a provider which allows us to store files to share in
256           '.../caches/share_plus' and grant the receiving action access
257        -->
258        <provider
258-->[:share_plus] AndroidManifest.xml:15:9-23:20
259            android:name="dev.fluttercommunity.plus.share.ShareFileProvider"
259-->[:share_plus] AndroidManifest.xml:16:13-77
260            android:authorities="com.qadriyatlar.akademiyasiapp.flutter.share_provider"
260-->[:share_plus] AndroidManifest.xml:17:13-74
261            android:exported="false"
261-->[:share_plus] AndroidManifest.xml:18:13-37
262            android:grantUriPermissions="true" >
262-->[:share_plus] AndroidManifest.xml:19:13-47
263            <meta-data
263-->[:share_plus] AndroidManifest.xml:20:13-22:68
264                android:name="android.support.FILE_PROVIDER_PATHS"
264-->[:share_plus] AndroidManifest.xml:21:17-67
265                android:resource="@xml/flutter_share_file_paths" />
265-->[:share_plus] AndroidManifest.xml:22:17-65
266        </provider>
267        <!--
268           This manifest declared broadcast receiver allows us to use an explicit
269           Intent when creating a PendingItent to be informed of the user's choice
270        -->
271        <receiver
271-->[:share_plus] AndroidManifest.xml:28:9-34:20
272            android:name="dev.fluttercommunity.plus.share.SharePlusPendingIntent"
272-->[:share_plus] AndroidManifest.xml:29:13-82
273            android:exported="false" >
273-->[:share_plus] AndroidManifest.xml:30:13-37
274            <intent-filter>
274-->[:share_plus] AndroidManifest.xml:31:13-33:29
275                <action android:name="EXTRA_CHOSEN_COMPONENT" />
275-->[:share_plus] AndroidManifest.xml:32:17-65
275-->[:share_plus] AndroidManifest.xml:32:25-62
276            </intent-filter>
277        </receiver>
278
279        <provider
279-->[:image_picker_android] AndroidManifest.xml:10:9-18:20
280            android:name="io.flutter.plugins.imagepicker.ImagePickerFileProvider"
280-->[:image_picker_android] AndroidManifest.xml:11:13-82
281            android:authorities="com.qadriyatlar.akademiyasiapp.flutter.image_provider"
281-->[:image_picker_android] AndroidManifest.xml:12:13-74
282            android:exported="false"
282-->[:image_picker_android] AndroidManifest.xml:13:13-37
283            android:grantUriPermissions="true" >
283-->[:image_picker_android] AndroidManifest.xml:14:13-47
284            <meta-data
284-->[:share_plus] AndroidManifest.xml:20:13-22:68
285                android:name="android.support.FILE_PROVIDER_PATHS"
285-->[:share_plus] AndroidManifest.xml:21:17-67
286                android:resource="@xml/flutter_image_picker_file_paths" />
286-->[:share_plus] AndroidManifest.xml:22:17-65
287        </provider>
288
289        <activity
289-->[:url_launcher_android] AndroidManifest.xml:10:9-13:74
290            android:name="io.flutter.plugins.urllauncher.WebViewActivity"
290-->[:url_launcher_android] AndroidManifest.xml:11:13-74
291            android:exported="false"
291-->[:url_launcher_android] AndroidManifest.xml:12:13-37
292            android:theme="@android:style/Theme.NoTitleBar.Fullscreen" />
292-->[:url_launcher_android] AndroidManifest.xml:13:13-71
293
294        <receiver
294-->[com.google.firebase:firebase-messaging:23.2.1] AndroidManifest.xml:29:9-36:20
295            android:name="com.google.firebase.iid.FirebaseInstanceIdReceiver"
295-->[com.google.firebase:firebase-messaging:23.2.1] AndroidManifest.xml:30:13-78
296            android:exported="true"
296-->[com.google.firebase:firebase-messaging:23.2.1] AndroidManifest.xml:31:13-36
297            android:permission="com.google.android.c2dm.permission.SEND" >
297-->[com.google.firebase:firebase-messaging:23.2.1] AndroidManifest.xml:32:13-73
298            <intent-filter>
298-->[:firebase_messaging] AndroidManifest.xml:32:13-34:29
299                <action android:name="com.google.android.c2dm.intent.RECEIVE" />
299-->[:firebase_messaging] AndroidManifest.xml:33:17-81
299-->[:firebase_messaging] AndroidManifest.xml:33:25-78
300            </intent-filter>
301        </receiver>
302        <!--
303             FirebaseMessagingService performs security checks at runtime,
304             but set to not exported to explicitly avoid allowing another app to call it.
305        -->
306        <service
306-->[com.google.firebase:firebase-messaging:23.2.1] AndroidManifest.xml:42:9-49:19
307            android:name="com.google.firebase.messaging.FirebaseMessagingService"
307-->[com.google.firebase:firebase-messaging:23.2.1] AndroidManifest.xml:43:13-82
308            android:directBootAware="true"
308-->[com.google.firebase:firebase-messaging:23.2.1] AndroidManifest.xml:44:13-43
309            android:exported="false" >
309-->[com.google.firebase:firebase-messaging:23.2.1] AndroidManifest.xml:45:13-37